TN:
SF:src/infra/db/mongoDb/AccountRepository/AccountMongoRepository.ts
FN:8,add
FN:15,loadAccountByEmail
FNF:2
FNH:2
FNDA:1,add
FNDA:1,loadAccountByEmail
DA:1,1
DA:2,1
DA:3,1
DA:4,1
DA:5,1
DA:6,1
DA:7,1
DA:8,1
DA:9,1
DA:10,1
DA:11,1
DA:12,1
DA:13,1
DA:14,1
DA:15,1
DA:16,1
DA:17,1
DA:18,1
DA:19,1
DA:20,1
LF:20
LH:20
BRDA:8,0,0,1
BRDA:15,1,0,1
BRF:2
BRH:2
end_of_record
TN:
SF:src/infra/db/mongoDb/helpers/mongoHelper.ts
FN:5,connect
FN:10,desconnect
FN:13,getCollection
FN:19,map
FNF:4
FNH:4
FNDA:1,connect
FNDA:1,desconnect
FNDA:4,getCollection
FNDA:2,map
DA:1,1
DA:2,1
DA:3,1
DA:4,1
DA:5,1
DA:6,1
DA:7,1
DA:8,1
DA:9,1
DA:10,1
DA:11,1
DA:12,1
DA:13,1
DA:14,4
DA:15,0
DA:16,0
DA:17,4
DA:18,1
DA:19,1
DA:20,2
DA:21,2
DA:22,2
DA:23,1
LF:23
LH:21
BRDA:5,0,0,1
BRDA:10,1,0,1
BRDA:13,2,0,4
BRDA:14,3,0,0
BRDA:19,4,0,2
BRF:5
BRH:4
end_of_record
