TN:
SF:src/presentation/errors/index.ts
FNF:0
FNH:0
DA:1,1
DA:2,1
DA:3,1
LF:3
LH:3
BRF:0
BRH:0
end_of_record
TN:
SF:src/presentation/helpers/validators/IValidation.ts
FN:1,(empty-report)
FNF:1
FNH:0
FNDA:0,(empty-report)
DA:1,0
DA:2,0
DA:3,0
LF:3
LH:0
BRDA:1,0,0,0
BRF:1
BRH:0
end_of_record
TN:
SF:src/presentation/helpers/validators/ValidationComposite.ts
FN:4,ValidationComposite
FN:5,validate
FNF:2
FNH:2
FNDA:2,ValidationComposite
FNDA:2,validate
DA:1,1
DA:2,1
DA:3,1
DA:4,1
DA:5,1
DA:6,2
DA:7,3
DA:8,3
DA:9,3
DA:10,0
DA:11,1
LF:11
LH:10
BRDA:4,0,0,2
BRDA:5,1,0,2
BRDA:6,2,0,3
BRDA:8,3,0,2
BRDA:10,4,0,0
BRF:5
BRH:4
end_of_record
